
*** Running vivado
    with args -log one_hertz_generator.vds -m64 -product Vivado -mode batch -messageDb vivado.pb -notrace -source one_hertz_generator.tcl


****** Vivado v2025.2 (64-bit)
  **** SW Build 6299465 on Fri Nov 14 12:34:56 MST 2025
  **** IP Build 6300035 on Fri Nov 14 10:48:45 MST 2025
  **** SharedData Build 6298862 on Thu Nov 13 04:50:51 MST 2025
  **** Start of session at: Sun Dec 28 13:26:15 2025
    ** Copyright 1986-2022 Xilinx, Inc. All Rights Reserved.
    ** Copyright 2022-2025 Advanced Micro Devices, Inc. All Rights Reserved.

source one_hertz_generator.tcl -notrace
create_project: Time (s): cpu = 00:00:25 ; elapsed = 00:00:09 . Memory (MB): peak = 1573.004 ; gain = 81.059 ; free physical = 2304 ; free virtual = 13794
Command: synth_design -top one_hertz_generator -part xc7a35ticpg236-1L
Starting synth_design
Attempting to get a license for feature 'Synthesis' and/or device 'xc7a35ti'
INFO: [Common 17-349] Got license for feature 'Synthesis' and/or device 'xc7a35ti'
INFO: [Device 21-403] Loading part xc7a35ticpg236-1L
INFO: [Synth 8-7079] Multithreading enabled for synth_design using a maximum of 7 processes.
INFO: [Synth 8-7078] Launching helper process for spawning children vivado processes
INFO: [Synth 8-7075] Helper process launched with PID 55507
---------------------------------------------------------------------------------
Starting RTL Elaboration : Time (s): cpu = 00:00:08 ; elapsed = 00:00:08 . Memory (MB): peak = 2194.309 ; gain = 482.188 ; free physical = 1452 ; free virtual = 12994
---------------------------------------------------------------------------------
INFO: [Synth 8-6157] synthesizing module 'one_hertz_generator' [/home/nogo/Documents/Projects/Digital_Design/projects/01_blink_led/01_blink_led/01_blink_led.srcs/sources_1/new/one_hertz_generator.v:3]
INFO: [Synth 8-6155] done synthesizing module 'one_hertz_generator' (0#1) [/home/nogo/Documents/Projects/Digital_Design/projects/01_blink_led/01_blink_led/01_blink_led.srcs/sources_1/new/one_hertz_generator.v:3]
---------------------------------------------------------------------------------
Finished RTL Elaboration : Time (s): cpu = 00:00:11 ; elapsed = 00:00:11 . Memory (MB): peak = 2280.277 ; gain = 568.156 ; free physical = 1374 ; free virtual = 12914
---------------------------------------------------------------------------------
---------------------------------------------------------------------------------
Start Handling Custom Attributes
---------------------------------------------------------------------------------
---------------------------------------------------------------------------------
Finished Handling Custom Attributes : Time (s): cpu = 00:00:11 ; elapsed = 00:00:11 . Memory (MB): peak = 2295.121 ; gain = 583.000 ; free physical = 1374 ; free virtual = 12913
---------------------------------------------------------------------------------
---------------------------------------------------------------------------------
Finished RTL Optimization Phase 1 : Time (s): cpu = 00:00:11 ; elapsed = 00:00:11 . Memory (MB): peak = 2295.121 ; gain = 583.000 ; free physical = 1374 ; free virtual = 12913
---------------------------------------------------------------------------------
Netlist sorting complete. Time (s): cpu = 00:00:00 ; elapsed = 00:00:00 . Memory (MB): peak = 2295.121 ; gain = 0.000 ; free physical = 1374 ; free virtual = 12913
INFO: [Project 1-570] Preparing netlist for logic optimization

Processing XDC Constraints
Initializing timing engine
Parsing XDC File [/home/nogo/Documents/Projects/Digital_Design/projects/01_blink_led/01_blink_led/01_blink_led.srcs/constrs_1/new/const_one_hertz_generator.xdc]
Finished Parsing XDC File [/home/nogo/Documents/Projects/Digital_Design/projects/01_blink_led/01_blink_led/01_blink_led.srcs/constrs_1/new/const_one_hertz_generator.xdc]
INFO: [Project 1-236] Implementation specific constraints were found while reading constraint file [/home/nogo/Documents/Projects/Digital_Design/projects/01_blink_led/01_blink_led/01_blink_led.srcs/constrs_1/new/const_one_hertz_generator.xdc]. These constraints will be ignored for synthesis but will be used in implementation. Impacted constraints are listed in the file [.Xil/one_hertz_generator_propImpl.xdc].
Resolution: To avoid this warning, move constraints listed in [.Xil/one_hertz_generator_propImpl.xdc] to another XDC file and exclude this new file from synthesis with the used_in_synthesis property (File Properties dialog in GUI) and re-run elaboration/synthesis.
Completed Processing XDC Constraints

Netlist sorting complete. Time (s): cpu = 00:00:00 ; elapsed = 00:00:00 . Memory (MB): peak = 2372.859 ; gain = 0.000 ; free physical = 1354 ; free virtual = 12906
INFO: [Project 1-111] Unisim Transformation Summary:
No Unisim elements were transformed.

Constraint Validation Runtime : Time (s): cpu = 00:00:00 ; elapsed = 00:00:00 . Memory (MB): peak = 2372.895 ; gain = 0.000 ; free physical = 1354 ; free virtual = 12906
---------------------------------------------------------------------------------
Finished Constraint Validation : Time (s): cpu = 00:00:22 ; elapsed = 00:00:23 . Memory (MB): peak = 2372.895 ; gain = 660.773 ; free physical = 1357 ; free virtual = 12896
---------------------------------------------------------------------------------
---------------------------------------------------------------------------------
Start Loading Part and Timing Information
---------------------------------------------------------------------------------
Loading part: xc7a35ticpg236-1L
---------------------------------------------------------------------------------
Finished Loading Part and Timing Information : Time (s): cpu = 00:00:22 ; elapsed = 00:00:23 . Memory (MB): peak = 2380.863 ; gain = 668.742 ; free physical = 1357 ; free virtual = 12896
---------------------------------------------------------------------------------
---------------------------------------------------------------------------------
Start Applying 'set_property' XDC Constraints
---------------------------------------------------------------------------------
---------------------------------------------------------------------------------
Finished applying 'set_property' XDC Constraints : Time (s): cpu = 00:00:22 ; elapsed = 00:00:23 . Memory (MB): peak = 2380.863 ; gain = 668.742 ; free physical = 1357 ; free virtual = 12896
---------------------------------------------------------------------------------
---------------------------------------------------------------------------------
Finished RTL Optimization Phase 2 : Time (s): cpu = 00:00:22 ; elapsed = 00:00:23 . Memory (MB): peak = 2380.863 ; gain = 668.742 ; free physical = 1357 ; free virtual = 12896
---------------------------------------------------------------------------------
---------------------------------------------------------------------------------
Start RTL Component Statistics 
---------------------------------------------------------------------------------
Detailed RTL Component Info : 
+---Adders : 
	   2 Input   26 Bit       Adders := 1     
+---Registers : 
	               26 Bit    Registers := 1     
	                1 Bit    Registers := 1     
---------------------------------------------------------------------------------
Finished RTL Component Statistics 
---------------------------------------------------------------------------------
---------------------------------------------------------------------------------
Start Part Resource Summary
---------------------------------------------------------------------------------
Part Resources:
DSPs: 90 (col length:60)
BRAMs: 100 (col length: RAMB18 60 RAMB36 30)
---------------------------------------------------------------------------------
Finished Part Resource Summary
---------------------------------------------------------------------------------
---------------------------------------------------------------------------------
Start Cross Boundary and Area Optimization
---------------------------------------------------------------------------------
---------------------------------------------------------------------------------
Finished Cross Boundary and Area Optimization : Time (s): cpu = 00:00:26 ; elapsed = 00:00:27 . Memory (MB): peak = 2380.863 ; gain = 668.742 ; free physical = 1356 ; free virtual = 12892
---------------------------------------------------------------------------------
---------------------------------------------------------------------------------
Start Applying XDC Timing Constraints
---------------------------------------------------------------------------------
---------------------------------------------------------------------------------
Finished Applying XDC Timing Constraints : Time (s): cpu = 00:00:33 ; elapsed = 00:00:34 . Memory (MB): peak = 2463.863 ; gain = 751.742 ; free physical = 1263 ; free virtual = 12806
---------------------------------------------------------------------------------
---------------------------------------------------------------------------------
Start Timing Optimization
---------------------------------------------------------------------------------
---------------------------------------------------------------------------------
Finished Timing Optimization : Time (s): cpu = 00:00:33 ; elapsed = 00:00:34 . Memory (MB): peak = 2482.895 ; gain = 770.773 ; free physical = 1239 ; free virtual = 12782
---------------------------------------------------------------------------------
---------------------------------------------------------------------------------
Start Technology Mapping
---------------------------------------------------------------------------------
---------------------------------------------------------------------------------
Finished Technology Mapping : Time (s): cpu = 00:00:33 ; elapsed = 00:00:34 . Memory (MB): peak = 2482.895 ; gain = 770.773 ; free physical = 1239 ; free virtual = 12782
---------------------------------------------------------------------------------
---------------------------------------------------------------------------------
Start IO Insertion
---------------------------------------------------------------------------------
---------------------------------------------------------------------------------
Start Flattening Before IO Insertion
---------------------------------------------------------------------------------
---------------------------------------------------------------------------------
Finished Flattening Before IO Insertion
---------------------------------------------------------------------------------
---------------------------------------------------------------------------------
Start Final Netlist Cleanup
---------------------------------------------------------------------------------
---------------------------------------------------------------------------------
Finished Final Netlist Cleanup
---------------------------------------------------------------------------------
---------------------------------------------------------------------------------
Finished IO Insertion : Time (s): cpu = 00:00:40 ; elapsed = 00:00:41 . Memory (MB): peak = 2658.707 ; gain = 946.586 ; free physical = 1113 ; free virtual = 12654
---------------------------------------------------------------------------------
---------------------------------------------------------------------------------
Start Renaming Generated Instances
---------------------------------------------------------------------------------
---------------------------------------------------------------------------------
Finished Renaming Generated Instances : Time (s): cpu = 00:00:40 ; elapsed = 00:00:41 . Memory (MB): peak = 2658.707 ; gain = 946.586 ; free physical = 1113 ; free virtual = 12654
---------------------------------------------------------------------------------
---------------------------------------------------------------------------------
Start Rebuilding User Hierarchy
---------------------------------------------------------------------------------
---------------------------------------------------------------------------------
Finished Rebuilding User Hierarchy : Time (s): cpu = 00:00:40 ; elapsed = 00:00:41 . Memory (MB): peak = 2658.707 ; gain = 946.586 ; free physical = 1113 ; free virtual = 12654
---------------------------------------------------------------------------------
---------------------------------------------------------------------------------
Start Renaming Generated Ports
---------------------------------------------------------------------------------
---------------------------------------------------------------------------------
Finished Renaming Generated Ports : Time (s): cpu = 00:00:40 ; elapsed = 00:00:41 . Memory (MB): peak = 2658.707 ; gain = 946.586 ; free physical = 1113 ; free virtual = 12654
---------------------------------------------------------------------------------
---------------------------------------------------------------------------------
Start Handling Custom Attributes
---------------------------------------------------------------------------------
---------------------------------------------------------------------------------
Finished Handling Custom Attributes : Time (s): cpu = 00:00:40 ; elapsed = 00:00:41 . Memory (MB): peak = 2658.707 ; gain = 946.586 ; free physical = 1113 ; free virtual = 12654
---------------------------------------------------------------------------------
---------------------------------------------------------------------------------
Start Renaming Generated Nets
---------------------------------------------------------------------------------
---------------------------------------------------------------------------------
Finished Renaming Generated Nets : Time (s): cpu = 00:00:40 ; elapsed = 00:00:41 . Memory (MB): peak = 2658.707 ; gain = 946.586 ; free physical = 1113 ; free virtual = 12654
---------------------------------------------------------------------------------
---------------------------------------------------------------------------------
Start Writing Synthesis Report
---------------------------------------------------------------------------------

Report BlackBoxes: 
+-+--------------+----------+
| |BlackBox name |Instances |
+-+--------------+----------+
+-+--------------+----------+

Report Cell Usage: 
+------+-------+------+
|      |Cell   |Count |
+------+-------+------+
|1     |BUFG   |     1|
|2     |CARRY4 |     7|
|3     |LUT1   |     1|
|4     |LUT2   |     1|
|5     |LUT6   |     6|
|6     |FDRE   |    27|
|7     |IBUF   |     1|
|8     |OBUF   |     1|
+------+-------+------+
---------------------------------------------------------------------------------
Finished Writing Synthesis Report : Time (s): cpu = 00:00:40 ; elapsed = 00:00:41 . Memory (MB): peak = 2658.707 ; gain = 946.586 ; free physical = 1113 ; free virtual = 12654
---------------------------------------------------------------------------------
Synthesis finished with 0 errors, 0 critical warnings and 0 warnings.
Synthesis Optimization Runtime : Time (s): cpu = 00:00:38 ; elapsed = 00:00:39 . Memory (MB): peak = 2658.707 ; gain = 868.812 ; free physical = 1108 ; free virtual = 12649
Synthesis Optimization Complete : Time (s): cpu = 00:00:40 ; elapsed = 00:00:41 . Memory (MB): peak = 2658.715 ; gain = 946.586 ; free physical = 1108 ; free virtual = 12649
INFO: [Project 1-571] Translating synthesized netlist
Netlist sorting complete. Time (s): cpu = 00:00:00 ; elapsed = 00:00:00 . Memory (MB): peak = 2658.715 ; gain = 0.000 ; free physical = 1108 ; free virtual = 12649
INFO: [Netlist 29-17] Analyzing 7 Unisim elements for replacement
INFO: [Netlist 29-28] Unisim Transformation completed in 0 CPU seconds
INFO: [Project 1-570] Preparing netlist for logic optimization
INFO: [Opt 31-138] Pushed 0 inverter(s) to 0 load pin(s).
Netlist sorting complete. Time (s): cpu = 00:00:00 ; elapsed = 00:00:00 . Memory (MB): peak = 2682.719 ; gain = 0.000 ; free physical = 1273 ; free virtual = 12814
INFO: [Project 1-111] Unisim Transformation Summary:
No Unisim elements were transformed.

Synth Design complete | Checksum: b865580a
INFO: [Common 17-83] Releasing license: Synthesis
17 Infos, 0 Warnings, 0 Critical Warnings and 0 Errors encountered.
synth_design completed successfully
synth_design: Time (s): cpu = 00:00:53 ; elapsed = 00:00:49 . Memory (MB): peak = 2682.754 ; gain = 1109.750 ; free physical = 1273 ; free virtual = 12814
INFO: [Common 17-2834] synth_design peak Physical Memory [PSS] (MB): overall = 2010.316; main = 1795.179; forked = 281.695
INFO: [Common 17-2834] synth_design peak Virtual Memory [VSS] (MB): overall = 3623.074; main = 2682.723; forked = 994.176
Write ShapeDB Complete: Time (s): cpu = 00:00:00.01 ; elapsed = 00:00:00 . Memory (MB): peak = 2706.730 ; gain = 0.000 ; free physical = 1273 ; free virtual = 12814
INFO: [Common 17-1381] The checkpoint '/home/nogo/Documents/Projects/Digital_Design/projects/01_blink_led/01_blink_led/01_blink_led.runs/synth_1/one_hertz_generator.dcp' has been generated.
INFO: [Vivado 12-24828] Executing command : report_utilization -file one_hertz_generator_utilization_synth.rpt -pb one_hertz_generator_utilization_synth.pb
INFO: [Common 17-206] Exiting Vivado at Sun Dec 28 13:27:18 2025...
